\BOOKMARK [0][-]{chapter.1}{Introduction}{}% 1
\BOOKMARK [0][-]{chapter.2}{Physics of the VIP2 experiment}{}% 2
\BOOKMARK [1][-]{section.2.1}{Physics Basics}{chapter.2}% 3
\BOOKMARK [2][-]{subsection.2.1.1}{The Pauli Exclusion Principle}{section.2.1}% 4
\BOOKMARK [2][-]{subsection.2.1.2}{Quantum Mechanical Angular Momenta}{section.2.1}% 5
\BOOKMARK [2][-]{subsection.2.1.3}{The Spin}{section.2.1}% 6
\BOOKMARK [2][-]{subsection.2.1.4}{Indistinguishability, Symmetrization Postulate and Superselection Rule}{section.2.1}% 7
\BOOKMARK [2][-]{subsection.2.1.5}{Fermions, Bosons and the Spin-Statistics Connection}{section.2.1}% 8
\BOOKMARK [1][-]{section.2.2}{Theories of Violation of Spin-Statistcs}{chapter.2}% 9
\BOOKMARK [2][-]{subsection.2.2.1}{Parastatistics}{section.2.2}% 10
\BOOKMARK [2][-]{subsection.2.2.2}{The Ignatiev and Kuzmin Model and Parons}{section.2.2}% 11
\BOOKMARK [2][-]{subsection.2.2.3}{Quons}{section.2.2}% 12
\BOOKMARK [1][-]{section.2.3}{Tests of the Pauli Exclusion Principle}{chapter.2}% 13
\BOOKMARK [2][-]{subsection.2.3.1}{Remarks on testing the Pauli Exclusion Principle}{section.2.3}% 14
\BOOKMARK [2][-]{subsection.2.3.2}{Experiments for testing the Pauli Exclusion Principle}{section.2.3}% 15
\BOOKMARK [1][-]{section.2.4}{The VIP2 experimental method}{chapter.2}% 16
\BOOKMARK [0][-]{chapter.3}{The Measurement Setup}{}% 17
\BOOKMARK [0][-]{chapter.4}{Simulations}{}% 18
\BOOKMARK [0][-]{chapter.5}{Test Measurements}{}% 19
\BOOKMARK [0][-]{chapter.6}{Data Taking and Analysis}{}% 20
\BOOKMARK [0][-]{chapter.7}{Conclusion}{}% 21
\BOOKMARK [0][-]{chapter*.7}{Bibliography}{}% 22
